Copyright 1986-2022 Xilinx, Inc. All Rights Reserved. Copyright 2022-2024 Advanced Micro Devices, Inc. All Rights Reserved.
---------------------------------------------------------------------------------------------------------------------------------------------
| Tool Version : Vivado v.2024.1.2 (win64) Build 5164865 Thu Sep  5 14:37:11 MDT 2024
| Date         : Wed Oct 30 20:42:46 2024
| Host         : DESKTOP-GTUF0U5 running 64-bit major release  (build 9200)
| Command      : report_control_sets -verbose -file lab_6_top_level_control_sets_placed.rpt
| Design       : lab_6_top_level
| Device       : xc7a35t
---------------------------------------------------------------------------------------------------------------------------------------------

Control Set Information

Table of Contents
-----------------
1. Summary
2. Histogram
3. Flip-Flop Distribution
4. Detailed Control Set Information

1. Summary
----------

+----------------------------------------------------------+-------+
|                          Status                          | Count |
+----------------------------------------------------------+-------+
| Total control sets                                       |    11 |
|    Minimum number of control sets                        |    11 |
|    Addition due to synthesis replication                 |     0 |
|    Addition due to physical synthesis replication        |     0 |
| Unused register locations in slices containing registers |    31 |
+----------------------------------------------------------+-------+
* Control sets can be merged at opt_design using control_set_merge or merge_equivalent_drivers
** Run report_qor_suggestions for automated merging and remapping suggestions


2. Histogram
------------

+--------------------+-------+
|       Fanout       | Count |
+--------------------+-------+
| Total control sets |    11 |
| >= 0 to < 4        |     1 |
| >= 4 to < 6        |     2 |
| >= 6 to < 8        |     0 |
| >= 8 to < 10       |     1 |
| >= 10 to < 12      |     0 |
| >= 12 to < 14      |     1 |
| >= 14 to < 16      |     0 |
| >= 16              |     6 |
+--------------------+-------+
* Control sets can be remapped at either synth_design or opt_design


3. Flip-Flop Distribution
-------------------------

+--------------+-----------------------+------------------------+-----------------+--------------+
| Clock Enable | Synchronous Set/Reset | Asynchronous Set/Reset | Total Registers | Total Slices |
+--------------+-----------------------+------------------------+-----------------+--------------+
| No           | No                    | No                     |               2 |            2 |
| No           | No                    | Yes                    |               3 |            1 |
| No           | Yes                   | No                     |              29 |           11 |
| Yes          | No                    | No                     |              16 |           16 |
| Yes          | No                    | Yes                    |               0 |            0 |
| Yes          | Yes                   | No                     |             407 |          109 |
+--------------+-----------------------+------------------------+-----------------+--------------+


4. Detailed Control Set Information
-----------------------------------

+----------------+-----------------------------------------+-----------------------------------------+------------------+----------------+--------------+
|  Clock Signal  |              Enable Signal              |             Set/Reset Signal            | Slice Load Count | Bel Load Count | Bels / Slice |
+----------------+-----------------------------------------+-----------------------------------------+------------------+----------------+--------------+
|  clk_IBUF_BUFG |                                         |                                         |                2 |              2 |         1.00 |
|  clk_IBUF_BUFG | BIN2BCD/bcd_out[12]_i_2_n_0             | BIN2BCD/bcd_out[12]_i_1_n_0             |                2 |              4 |         2.00 |
|  clk_IBUF_BUFG |                                         | BIN2BCD/bcd_out[12]_i_1_n_0             |                2 |              5 |         2.50 |
|  clk_IBUF_BUFG | triangle_pwm_inst/downcounter_inst/zero | triangle_pwm_inst/duty_cycle[7]_i_1_n_0 |                4 |              8 |         2.00 |
|  clk_IBUF_BUFG | BIN2BCD/bcd_out[15]_i_1_n_0             | reset_IBUF                              |                6 |             12 |         2.00 |
|  clk_IBUF_BUFG | FSM/buzzer_enable                       | reset_IBUF                              |                6 |             16 |         2.67 |
|  clk_IBUF_BUFG | triangle_en                             | reset_IBUF                              |               10 |             26 |         2.60 |
|  clk_IBUF_BUFG |                                         | reset_IBUF                              |               10 |             27 |         2.70 |
|  clk_IBUF_BUFG | BIN2BCD/scratch[31]_i_1_n_0             | BIN2BCD/bcd_out[12]_i_1_n_0             |                7 |             32 |         4.57 |
|  clk_IBUF_BUFG | ADC_PROC/scaled_adc_data[13]_i_1_n_0    |                                         |               32 |            144 |         4.50 |
|  clk_IBUF_BUFG | ADC_PROC/scaled_adc_data[13]_i_1_n_0    | reset_IBUF                              |               74 |            309 |         4.18 |
+----------------+-----------------------------------------+-----------------------------------------+------------------+----------------+--------------+


